mode: set
github.com/jboewer/minesshweeper/cmd/ssh/main.go:27.13,37.16 2 0
github.com/jboewer/minesshweeper/cmd/ssh/main.go:37.16,39.3 1 0
github.com/jboewer/minesshweeper/cmd/ssh/main.go:41.2,44.12 4 0
github.com/jboewer/minesshweeper/cmd/ssh/main.go:44.12,45.83 1 0
github.com/jboewer/minesshweeper/cmd/ssh/main.go:45.83,48.4 2 0
github.com/jboewer/minesshweeper/cmd/ssh/main.go:51.2,54.15 4 0
github.com/jboewer/minesshweeper/cmd/ssh/main.go:54.15,54.27 1 0
github.com/jboewer/minesshweeper/cmd/ssh/main.go:55.2,55.80 1 0
github.com/jboewer/minesshweeper/cmd/ssh/main.go:55.80,57.3 1 0
github.com/jboewer/minesshweeper/cmd/ssh/main.go:64.65,66.16 2 0
github.com/jboewer/minesshweeper/cmd/ssh/main.go:66.16,69.3 2 0
github.com/jboewer/minesshweeper/cmd/ssh/main.go:71.2,73.52 3 0
github.com/jboewer/minesshweeper/main.go:11.13,13.16 2 0
github.com/jboewer/minesshweeper/main.go:13.16,16.3 2 0
github.com/jboewer/minesshweeper/main.go:18.2,24.35 3 0
github.com/jboewer/minesshweeper/main.go:24.35,27.3 2 0
github.com/jboewer/minesshweeper/tui/colors.go:8.52,12.2 3 0
github.com/jboewer/minesshweeper/tui/colors.go:14.82,18.14 3 0
github.com/jboewer/minesshweeper/tui/colors.go:19.11,20.33 1 0
github.com/jboewer/minesshweeper/tui/colors.go:21.11,22.33 1 0
github.com/jboewer/minesshweeper/tui/colors.go:23.11,24.33 1 0
github.com/jboewer/minesshweeper/tui/colors.go:25.11,26.33 1 0
github.com/jboewer/minesshweeper/tui/colors.go:27.11,28.33 1 0
github.com/jboewer/minesshweeper/tui/colors.go:29.11,30.33 1 0
github.com/jboewer/minesshweeper/tui/colors.go:31.11,32.33 1 0
github.com/jboewer/minesshweeper/tui/colors.go:33.11,34.33 1 0
github.com/jboewer/minesshweeper/tui/colors.go:35.11,37.33 2 0
github.com/jboewer/minesshweeper/tui/colors.go:38.11,39.33 1 0
github.com/jboewer/minesshweeper/tui/colors.go:40.11,42.30 2 0
github.com/jboewer/minesshweeper/tui/colors.go:43.11,45.30 2 0
github.com/jboewer/minesshweeper/tui/colors.go:46.11,47.33 1 0
github.com/jboewer/minesshweeper/tui/colors.go:49.2,49.15 1 0
github.com/jboewer/minesshweeper/tui/tui.go:13.43,20.2 1 0
github.com/jboewer/minesshweeper/tui/tui.go:28.23,30.13 2 0
github.com/jboewer/minesshweeper/tui/tui.go:30.13,32.3 1 0
github.com/jboewer/minesshweeper/tui/tui.go:35.25,37.35 2 0
github.com/jboewer/minesshweeper/tui/tui.go:37.35,39.3 1 0
github.com/jboewer/minesshweeper/tui/tui.go:42.25,44.13 2 0
github.com/jboewer/minesshweeper/tui/tui.go:44.13,46.3 1 0
github.com/jboewer/minesshweeper/tui/tui.go:49.26,51.34 2 0
github.com/jboewer/minesshweeper/tui/tui.go:51.34,53.3 1 0
github.com/jboewer/minesshweeper/tui/tui.go:61.35,67.25 3 0
github.com/jboewer/minesshweeper/tui/tui.go:68.25,69.34 1 0
github.com/jboewer/minesshweeper/tui/tui.go:70.21,71.30 1 0
github.com/jboewer/minesshweeper/tui/tui.go:72.22,73.31 1 0
github.com/jboewer/minesshweeper/tui/tui.go:76.2,81.26 3 0
github.com/jboewer/minesshweeper/tui/tui.go:84.63,88.40 3 0
github.com/jboewer/minesshweeper/tui/tui.go:88.40,91.40 2 0
github.com/jboewer/minesshweeper/tui/tui.go:91.40,94.13 2 0
github.com/jboewer/minesshweeper/tui/tui.go:95.29,96.21 1 0
github.com/jboewer/minesshweeper/tui/tui.go:97.23,98.21 1 0
github.com/jboewer/minesshweeper/tui/tui.go:99.23,100.21 1 0
github.com/jboewer/minesshweeper/tui/tui.go:101.12,102.33 1 0
github.com/jboewer/minesshweeper/tui/tui.go:108.2,113.47 1 0
github.com/jboewer/minesshweeper/tui/tui.go:113.47,116.50 2 0
github.com/jboewer/minesshweeper/tui/tui.go:116.50,118.5 1 0
github.com/jboewer/minesshweeper/tui/tui.go:120.4,123.18 1 0
github.com/jboewer/minesshweeper/tui/tui.go:126.2,127.28 2 0
github.com/jboewer/minesshweeper/tui/tui.go:130.36,132.2 1 0
github.com/jboewer/minesshweeper/tui/tui.go:134.62,135.27 1 0
github.com/jboewer/minesshweeper/tui/tui.go:136.18,137.23 1 0
github.com/jboewer/minesshweeper/tui/tui.go:138.22,139.23 1 0
github.com/jboewer/minesshweeper/tui/tui.go:140.17,141.18 1 0
github.com/jboewer/minesshweeper/tui/tui.go:142.17,143.20 1 0
github.com/jboewer/minesshweeper/tui/tui.go:144.17,145.20 1 0
github.com/jboewer/minesshweeper/tui/tui.go:146.17,147.21 1 0
github.com/jboewer/minesshweeper/tui/tui.go:148.12,149.48 1 0
github.com/jboewer/minesshweeper/tui/tui.go:150.12,151.48 1 0
github.com/jboewer/minesshweeper/tui/tui.go:152.12,153.14 1 0
github.com/jboewer/minesshweeper/tui/tui.go:157.2,157.16 1 0
github.com/jboewer/minesshweeper/tui/tui.go:160.67,166.2 5 0
github.com/jboewer/minesshweeper/tui/tui.go:168.29,171.2 2 0
github.com/jboewer/minesshweeper/game/game.go:45.44,46.31 1 1
github.com/jboewer/minesshweeper/game/game.go:46.31,48.3 1 1
github.com/jboewer/minesshweeper/game/game.go:50.2,55.15 2 1
github.com/jboewer/minesshweeper/game/game.go:58.44,59.40 1 1
github.com/jboewer/minesshweeper/game/game.go:59.40,61.3 1 0
github.com/jboewer/minesshweeper/game/game.go:63.2,64.16 2 1
github.com/jboewer/minesshweeper/game/game.go:64.16,66.3 1 0
github.com/jboewer/minesshweeper/game/game.go:68.2,69.16 2 1
github.com/jboewer/minesshweeper/game/game.go:69.16,71.3 1 0
github.com/jboewer/minesshweeper/game/game.go:73.2,73.15 1 1
github.com/jboewer/minesshweeper/game/game.go:76.35,78.2 1 1
github.com/jboewer/minesshweeper/game/game.go:80.36,82.2 1 1
github.com/jboewer/minesshweeper/game/game.go:84.46,85.34 1 1
github.com/jboewer/minesshweeper/game/game.go:85.34,87.3 1 1
github.com/jboewer/minesshweeper/game/game.go:89.2,89.25 1 1
github.com/jboewer/minesshweeper/game/game.go:89.25,91.3 1 1
github.com/jboewer/minesshweeper/game/game.go:93.2,94.12 2 1
github.com/jboewer/minesshweeper/game/game.go:97.35,99.2 1 1
github.com/jboewer/minesshweeper/game/game.go:101.45,102.16 1 1
github.com/jboewer/minesshweeper/game/game.go:102.16,104.3 1 1
github.com/jboewer/minesshweeper/game/game.go:105.2,105.25 1 1
github.com/jboewer/minesshweeper/game/game.go:105.25,108.3 2 1
github.com/jboewer/minesshweeper/game/game.go:110.2,114.11 4 1
github.com/jboewer/minesshweeper/game/game.go:114.11,116.3 1 1
github.com/jboewer/minesshweeper/game/game.go:118.2,120.10 2 1
github.com/jboewer/minesshweeper/game/game.go:123.50,124.35 1 1
github.com/jboewer/minesshweeper/game/game.go:124.35,125.36 1 1
github.com/jboewer/minesshweeper/game/game.go:125.36,126.38 1 1
github.com/jboewer/minesshweeper/game/game.go:126.38,127.13 1 1
github.com/jboewer/minesshweeper/game/game.go:130.4,130.32 1 1
github.com/jboewer/minesshweeper/game/game.go:130.32,131.13 1 1
github.com/jboewer/minesshweeper/game/game.go:134.4,134.56 1 1
github.com/jboewer/minesshweeper/game/game.go:134.56,136.5 1 1
github.com/jboewer/minesshweeper/game/game.go:141.41,142.28 1 1
github.com/jboewer/minesshweeper/game/game.go:142.28,143.27 1 1
github.com/jboewer/minesshweeper/game/game.go:143.27,146.4 2 1
github.com/jboewer/minesshweeper/game/game.go:150.30,151.16 1 1
github.com/jboewer/minesshweeper/game/game.go:151.16,153.3 1 1
github.com/jboewer/minesshweeper/game/game.go:155.2,155.27 1 1
github.com/jboewer/minesshweeper/game/game.go:155.27,157.3 1 1
github.com/jboewer/minesshweeper/game/game.go:159.2,159.21 1 1
github.com/jboewer/minesshweeper/game/game.go:162.47,163.28 1 1
github.com/jboewer/minesshweeper/game/game.go:163.28,164.27 1 1
github.com/jboewer/minesshweeper/game/game.go:164.27,166.4 1 1
github.com/jboewer/minesshweeper/game/game.go:168.2,168.14 1 1
github.com/jboewer/minesshweeper/game/game.go:171.47,172.28 1 1
github.com/jboewer/minesshweeper/game/game.go:172.28,173.27 1 1
github.com/jboewer/minesshweeper/game/game.go:173.27,175.4 1 1
github.com/jboewer/minesshweeper/game/game.go:177.2,177.14 1 1
github.com/jboewer/minesshweeper/game/game.go:180.55,182.2 1 1
github.com/jboewer/minesshweeper/game/game.go:184.46,185.34 1 1
github.com/jboewer/minesshweeper/game/game.go:185.34,187.3 1 1
github.com/jboewer/minesshweeper/game/game.go:189.2,191.12 2 1
github.com/jboewer/minesshweeper/game/game.go:194.35,196.2 1 1
github.com/jboewer/minesshweeper/game/game.go:198.41,199.34 1 1
github.com/jboewer/minesshweeper/game/game.go:199.34,201.3 1 1
github.com/jboewer/minesshweeper/game/game.go:203.2,203.28 1 1
github.com/jboewer/minesshweeper/game/game.go:203.28,204.31 1 1
github.com/jboewer/minesshweeper/game/game.go:204.31,206.4 1 0
github.com/jboewer/minesshweeper/game/game.go:209.2,209.13 1 1
github.com/jboewer/minesshweeper/game/game.go:212.71,214.44 2 1
github.com/jboewer/minesshweeper/game/game.go:214.44,215.45 1 1
github.com/jboewer/minesshweeper/game/game.go:215.45,216.36 1 1
github.com/jboewer/minesshweeper/game/game.go:216.36,217.13 1 1
github.com/jboewer/minesshweeper/game/game.go:220.4,220.27 1 1
github.com/jboewer/minesshweeper/game/game.go:220.27,222.5 1 1
github.com/jboewer/minesshweeper/game/game.go:226.2,226.12 1 1
github.com/jboewer/minesshweeper/game/game.go:229.44,230.72 1 1
github.com/jboewer/minesshweeper/game/game.go:230.72,232.3 1 1
github.com/jboewer/minesshweeper/game/game.go:233.2,233.40 1 1
github.com/jboewer/minesshweeper/game/game.go:233.40,235.3 1 0
github.com/jboewer/minesshweeper/game/game.go:237.2,237.27 1 1
github.com/jboewer/minesshweeper/game/game.go:237.27,238.28 1 1
github.com/jboewer/minesshweeper/game/game.go:238.28,239.17 1 1
github.com/jboewer/minesshweeper/game/game.go:239.17,241.19 2 1
github.com/jboewer/minesshweeper/game/game.go:241.19,243.6 1 0
github.com/jboewer/minesshweeper/game/game.go:247.2,247.12 1 1
github.com/jboewer/minesshweeper/game/game.go:250.31,254.36 3 1
github.com/jboewer/minesshweeper/game/game.go:254.36,256.3 1 1
github.com/jboewer/minesshweeper/game/game.go:258.2,258.28 1 1
github.com/jboewer/minesshweeper/game/game.go:258.28,260.3 1 1
github.com/jboewer/minesshweeper/game/game.go:262.2,262.28 1 1
github.com/jboewer/minesshweeper/game/game.go:262.28,263.29 1 1
github.com/jboewer/minesshweeper/game/game.go:263.29,265.4 1 1
github.com/jboewer/minesshweeper/game/game.go:268.2,268.13 1 1
github.com/jboewer/minesshweeper/game/game.go:271.50,272.36 1 1
github.com/jboewer/minesshweeper/game/game.go:272.36,273.27 1 1
github.com/jboewer/minesshweeper/game/game.go:273.27,275.4 1 1
github.com/jboewer/minesshweeper/game/game.go:277.2,277.14 1 1
github.com/jboewer/minesshweeper/game/game.go:280.41,281.25 1 0
github.com/jboewer/minesshweeper/game/game.go:281.25,283.3 1 0
github.com/jboewer/minesshweeper/game/game.go:283.8,285.3 1 0
github.com/jboewer/minesshweeper/game/game.go:288.50,289.51 1 0
github.com/jboewer/minesshweeper/game/game.go:289.51,291.3 1 0
github.com/jboewer/minesshweeper/game/game.go:293.2,296.35 3 0
github.com/jboewer/minesshweeper/game/game.go:296.35,297.37 1 0
github.com/jboewer/minesshweeper/game/game.go:297.37,299.4 1 0
github.com/jboewer/minesshweeper/game/game.go:303.2,303.55 1 0
github.com/jboewer/minesshweeper/game/game.go:303.55,305.3 1 0
github.com/jboewer/minesshweeper/game/game.go:308.2,308.29 1 0
github.com/jboewer/minesshweeper/game/game.go:308.29,311.17 3 0
github.com/jboewer/minesshweeper/game/game.go:311.17,313.4 1 0
github.com/jboewer/minesshweeper/game/game.go:316.2,316.12 1 0
github.com/jboewer/minesshweeper/game/game.go:319.24,325.2 5 0
github.com/jboewer/minesshweeper/game/grid.go:11.38,13.30 2 1
github.com/jboewer/minesshweeper/game/grid.go:13.30,15.3 1 1
github.com/jboewer/minesshweeper/game/grid.go:16.2,16.13 1 1
github.com/jboewer/minesshweeper/game/grid.go:19.33,21.2 1 0
github.com/jboewer/minesshweeper/game/grid.go:23.36,25.2 1 1
github.com/jboewer/minesshweeper/game/grid.go:27.33,28.37 1 1
github.com/jboewer/minesshweeper/game/grid.go:28.37,29.37 1 1
github.com/jboewer/minesshweeper/game/grid.go:29.37,31.4 1 1
github.com/jboewer/minesshweeper/game/grid.go:35.30,37.2 1 1
github.com/jboewer/minesshweeper/game/grid.go:39.31,41.2 1 1
github.com/jboewer/minesshweeper/game/grid.go:43.32,44.24 1 1
github.com/jboewer/minesshweeper/game/grid.go:44.24,45.28 1 1
github.com/jboewer/minesshweeper/game/grid.go:45.28,47.4 1 1
github.com/jboewer/minesshweeper/game/grid.go:49.2,49.12 1 1
